# JRE version: OpenJDK Runtime Environment (17.0.11) (build 17.0.11+0--11852314)
# Java VM: OpenJDK 64-Bit Server VM (17.0.11+0--11852314, mixed mode, tiered, compressed oops, compressed class ptrs, g1 gc, windows-amd64)
GC Precious Log:
 CPUs: 8 total, 8 available
 Memory: 16217M
 Large Page Support: Disabled
 NUMA Support: Disabled
 Compressed Oops: Enabled (32-bit)
 Heap Region Size: 1M
 Heap Min Capacity: 8M
 Heap Initial Capacity: 254M
 Heap Max Capacity: 2G
 Pre-touch: Disabled
 Parallel Workers: 8
 Concurrent Workers: 2
 Concurrent Refinement Workers: 8
 Periodic GC: Disabled
Heap:
 garbage-first heap   total 399360K, used 157094K [0x0000000080000000, 0x0000000100000000)
  region size 1024K, 9 young (9216K), 9 survivors (9216K)
 Metaspace       used 162968K, committed 164608K, reserved 1245184K
  class space    used 21960K, committed 22720K, reserved 1048576K
GC Heap History (20 events):
Event: 1663.528 GC heap after
{Heap after GC invocations=87 (full 0):
 garbage-first heap   total 399360K, used 191557K [0x0000000080000000, 0x0000000100000000)
  region size 1024K, 2 young (2048K), 2 survivors (2048K)
 Metaspace       used 150849K, committed 152128K, reserved 1245184K
  class space    used 20503K, committed 21120K, reserved 1048576K
}
Event: 1663.856 GC heap before
{Heap before GC invocations=87 (full 0):
 garbage-first heap   total 399360K, used 217157K [0x0000000080000000, 0x0000000100000000)
  region size 1024K, 29 young (29696K), 2 survivors (2048K)
 Metaspace       used 150872K, committed 152128K, reserved 1245184K
  class space    used 20503K, committed 21120K, reserved 1048576K
}
Event: 1663.861 GC heap after
{Heap after GC invocations=88 (full 0):
 garbage-first heap   total 399360K, used 192023K [0x0000000080000000, 0x0000000100000000)
  region size 1024K, 2 young (2048K), 2 survivors (2048K)
 Metaspace       used 150872K, committed 152128K, reserved 1245184K
  class space    used 20503K, committed 21120K, reserved 1048576K
}
Event: 1910.375 GC heap before
{Heap before GC invocations=89 (full 0):
 garbage-first heap   total 399360K, used 321442K [0x0000000080000000, 0x0000000100000000)
  region size 1024K, 98 young (100352K), 2 survivors (2048K)
 Metaspace       used 151295K, committed 152704K, reserved 1245184K
  class space    used 20557K, committed 21248K, reserved 1048576K
}
Event: 1910.386 GC heap after
{Heap after GC invocations=90 (full 0):
 garbage-first heap   total 399360K, used 184862K [0x0000000080000000, 0x0000000100000000)
  region size 1024K, 13 young (13312K), 13 survivors (13312K)
 Metaspace       used 151295K, committed 152704K, reserved 1245184K
  class space    used 20557K, committed 21248K, reserved 1048576K
}
Event: 1910.401 GC heap before
{Heap before GC invocations=90 (full 0):
 garbage-first heap   total 399360K, used 191006K [0x0000000080000000, 0x0000000100000000)
  region size 1024K, 19 young (19456K), 13 survivors (13312K)
 Metaspace       used 151298K, committed 152704K, reserved 1245184K
  class space    used 20557K, committed 21248K, reserved 1048576K
}
Event: 1910.412 GC heap after
{Heap after GC invocations=91 (full 0):
 garbage-first heap   total 399360K, used 175566K [0x0000000080000000, 0x0000000100000000)
  region size 1024K, 3 young (3072K), 3 survivors (3072K)
 Metaspace       used 151298K, committed 152704K, reserved 1245184K
  class space    used 20557K, committed 21248K, reserved 1048576K
}
Event: 1910.598 GC heap before
{Heap before GC invocations=91 (full 0):
 garbage-first heap   total 399360K, used 217550K [0x0000000080000000, 0x0000000100000000)
  region size 1024K, 45 young (46080K), 3 survivors (3072K)
 Metaspace       used 151342K, committed 152704K, reserved 1245184K
  class space    used 20557K, committed 21248K, reserved 1048576K
}
Event: 1910.611 GC heap after
{Heap after GC invocations=92 (full 0):
 garbage-first heap   total 399360K, used 197632K [0x0000000080000000, 0x0000000100000000)
  region size 1024K, 14 young (14336K), 14 survivors (14336K)
 Metaspace       used 151342K, committed 152704K, reserved 1245184K
  class space    used 20557K, committed 21248K, reserved 1048576K
}
Event: 1912.511 GC heap before
{Heap before GC invocations=93 (full 0):
 garbage-first heap   total 399360K, used 303104K [0x0000000080000000, 0x0000000100000000)
  region size 1024K, 90 young (92160K), 14 survivors (14336K)
 Metaspace       used 151709K, committed 153216K, reserved 1245184K
  class space    used 20618K, committed 21376K, reserved 1048576K
}
Event: 1912.529 GC heap after
{Heap after GC invocations=94 (full 0):
 garbage-first heap   total 399360K, used 206397K [0x0000000080000000, 0x0000000100000000)
  region size 1024K, 10 young (10240K), 10 survivors (10240K)
 Metaspace       used 151709K, committed 153216K, reserved 1245184K
  class space    used 20618K, committed 21376K, reserved 1048576K
}
Event: 1912.592 GC heap before
{Heap before GC invocations=94 (full 0):
 garbage-first heap   total 399360K, used 214589K [0x0000000080000000, 0x0000000100000000)
  region size 1024K, 19 young (19456K), 10 survivors (10240K)
 Metaspace       used 151713K, committed 153216K, reserved 1245184K
  class space    used 20618K, committed 21376K, reserved 1048576K
}
Event: 1912.610 GC heap after
{Heap after GC invocations=95 (full 0):
 garbage-first heap   total 399360K, used 179910K [0x0000000080000000, 0x0000000100000000)
  region size 1024K, 2 young (2048K), 2 survivors (2048K)
 Metaspace       used 151713K, committed 153216K, reserved 1245184K
  class space    used 20618K, committed 21376K, reserved 1048576K
}
Event: 1916.759 GC heap before
{Heap before GC invocations=95 (full 0):
 garbage-first heap   total 399360K, used 274118K [0x0000000080000000, 0x0000000100000000)
  region size 1024K, 95 young (97280K), 2 survivors (2048K)
 Metaspace       used 156754K, committed 158272K, reserved 1245184K
  class space    used 21295K, committed 22016K, reserved 1048576K
}
Event: 1916.764 GC heap after
{Heap after GC invocations=96 (full 0):
 garbage-first heap   total 399360K, used 183176K [0x0000000080000000, 0x0000000100000000)
  region size 1024K, 5 young (5120K), 5 survivors (5120K)
 Metaspace       used 156754K, committed 158272K, reserved 1245184K
  class space    used 21295K, committed 22016K, reserved 1048576K
}
Event: 2005.793 GC heap before
{Heap before GC invocations=97 (full 0):
 garbage-first heap   total 399360K, used 315272K [0x0000000080000000, 0x0000000100000000)
  region size 1024K, 105 young (107520K), 5 survivors (5120K)
 Metaspace       used 162814K, committed 164416K, reserved 1245184K
  class space    used 21959K, committed 22720K, reserved 1048576K
}
Event: 2005.799 GC heap after
{Heap after GC invocations=98 (full 0):
 garbage-first heap   total 399360K, used 158660K [0x0000000080000000, 0x0000000100000000)
  region size 1024K, 4 young (4096K), 4 survivors (4096K)
 Metaspace       used 162814K, committed 164416K, reserved 1245184K
  class space    used 21959K, committed 22720K, reserved 1048576K
}
Event: 2005.870 GC heap before
{Heap before GC invocations=98 (full 0):
 garbage-first heap   total 399360K, used 174020K [0x0000000080000000, 0x0000000100000000)
  region size 1024K, 19 young (19456K), 4 survivors (4096K)
 Metaspace       used 162822K, committed 164416K, reserved 1245184K
  class space    used 21959K, committed 22720K, reserved 1048576K
}
Event: 2005.876 GC heap after
{Heap after GC invocations=99 (full 0):
 garbage-first heap   total 399360K, used 149803K [0x0000000080000000, 0x0000000100000000)
  region size 1024K, 2 young (2048K), 2 survivors (2048K)
 Metaspace       used 162822K, committed 164416K, reserved 1245184K
  class space    used 21959K, committed 22720K, reserved 1048576K
}
Event: 2006.294 GC heap before
{Heap before GC invocations=99 (full 0):
 garbage-first heap   total 399360K, used 213291K [0x0000000080000000, 0x0000000100000000)
  region size 1024K, 65 young (66560K), 2 survivors (2048K)
 Metaspace       used 162968K, committed 164608K, reserved 1245184K
  class space    used 21960K, committed 22720K, reserved 1048576K
}

